"Severity","Appender","Date","Time","Category","Message"
"WARN","coldboxfile","08/08/2009","11:18:32","Sample Login Application","The BeanFactory definition file cannot be located -> /coldbox/samples/applications/sampleloginapp/config/ModelMappings.cfm"
"INFO","COLDBOXFILE","02/09/2011","17:10:40","coldbox.system.cache.providers.CacheBoxColdBoxProvider","CacheBox Cache: default has been initialized successfully for operation"
"INFO","COLDBOXFILE","02/09/2011","17:10:40","coldbox.system.cache.providers.CacheBoxColdBoxProvider","CacheBox Cache: TEMPLATE has been initialized successfully for operation"
"INFO","COLDBOXFILE","02/11/2011","11:27:24","coldbox.system.cache.providers.CacheBoxColdBoxProvider","CacheBox Cache: default has been initialized successfully for operation"
"INFO","COLDBOXFILE","02/11/2011","11:27:24","coldbox.system.cache.providers.CacheBoxColdBoxProvider","CacheBox Cache: TEMPLATE has been initialized successfully for operation"
"INFO","COLDBOXFILE","02/11/2011","11:27:29","Sample Login Application","The user Administrator has now logged in."
"INFO","COLDBOXFILE","03/31/2011","16:11:49","coldbox.system.cache.providers.CacheBoxColdBoxProvider","CacheBox Cache: default has been initialized successfully for operation"
"INFO","COLDBOXFILE","03/31/2011","16:11:49","coldbox.system.cache.providers.CacheBoxColdBoxProvider","CacheBox Cache: TEMPLATE has been initialized successfully for operation"
"INFO","COLDBOXFILE","03/20/2012","16:55:47","coldbox.system.cache.providers.CacheBoxColdBoxProvider","CacheBox Cache: default has been initialized successfully for operation"
"INFO","COLDBOXFILE","03/20/2012","16:55:47","coldbox.system.cache.providers.CacheBoxColdBoxProvider","CacheBox Cache: TEMPLATE has been initialized successfully for operation"
"WARN","COLDBOXFILE","03/20/2012","16:55:49","Sample Login Application","Invalid logon information detected. IP used: 127.0.0.1"
"WARN","COLDBOXFILE","03/20/2012","16:55:53","Sample Login Application","Invalid logon information detected. IP used: 127.0.0.1"
"INFO","COLDBOXFILE","03/20/2012","16:55:58","Sample Login Application","The user Administrator has now logged in."
"ERROR","COLDBOXFILE","02/11/2014","10:14:38","Sample Login Application","Application Execution Exception  CFErrorType=expression  CFMessage=component [coldbox.system.plugins.MessageBox] has no  function with name [isEmpty]  CFStackTrace=component [coldbox.system.plugins.MessageBox] has no  function with name [isEmpty]
	at railo.runtime.type.util.ComponentUtil.notFunction(ComponentUtil.java:586):586
	at railo.runtime.ComponentImpl.onMissingMethod(ComponentImpl.java:549):549
	at railo.runtime.ComponentImpl._call(ComponentImpl.java:508):508
	at railo.runtime.ComponentImpl.call(ComponentImpl.java:1732):1732
	at railo.runtime.util.VariableUtilImpl.callFunctionWithoutNamedValues(VariableUtilImpl.java:713):713
	at railo.runtime.PageContextImpl.getFunction(PageContextImpl.java:1471):1471
	at coldbox.samples.applications.sampleloginapp.views.general.login_cfm$cf.call(/Users/lmajano/Sites/cboxdev/samples/coldbox/samples/applications/sampleloginapp/views/general/Login.cfm:24):24
	at railo.runtime.PageContextImpl.doInclude(PageContextImpl.java:809):809
	at railo.runtime.PageContextImpl.doInclude(PageContextImpl.java:785):785
	at coldbox.system.plugins.renderer_cfc$cf.udfCall1(/Users/lmajano/Sites/cboxdev/core/coldbox/system/plugins/Renderer.cfc:338):338
	at coldbox.system.plugins.renderer_cfc$cf.udfCall(/Users/lmajano/Sites/cboxdev/core/coldbox/system/plugins/Renderer.cfc):-1
	at railo.runtime.type.UDFImpl.implementation(UDFImpl.java:95):95
	at railo.runtime.type.UDFImpl._call(UDFImpl.java:308):308
	at railo.runtime.type.UDFImpl.call(UDFImpl.java:212):212
	at railo.runtime.type.scope.UndefinedImpl.call(UndefinedImpl.java:704):704
	at railo.runtime.util.VariableUtilImpl.callFunctionWithoutNamedValues(VariableUtilImpl.java:713):713
	at railo.runtime.PageContextImpl.getFunction(PageContextImpl.java:1471):1471
	at coldbox.system.plugins.renderer_cfc$cf.udfCall1(/Users/lmajano/Sites/cboxdev/core/coldbox/system/plugins/Renderer.cfc:183):183
	at coldbox.system.plugins.renderer_cfc$cf.udfCall(/Users/lmajano/Sites/cboxdev/core/coldbox/system/plugins/Renderer.cfc):-1
	at railo.runtime.type.UDFImpl.implementation(UDFImpl.java:95):95
	at railo.runtime.type.UDFImpl._call(UDFImpl.java:308):308
	at railo.runtime.type.UDFImpl.call(UDFImpl.java:212):212
	at railo.runtime.type.scope.UndefinedImpl.call(UndefinedImpl.java:704):704
	at railo.runtime.util.VariableUtilImpl.callFunctionWithoutNamedValues(VariableUtilImpl.java:713):713
	at railo.runtime.PageContextImpl.getFunction(PageContextImpl.java:1471):1471
	at coldbox.samples.applications.sampleloginapp.layouts.layout_main_cfm322$cf.call(/Users/lmajano/Sites/cboxdev/samples/coldbox/samples/applications/sampleloginapp/layouts/Layout.Main.cfm:60):60
	at railo.runtime.PageContextImpl.doInclude(PageContextImpl.java:809):809
	at railo.runtime.PageContextImpl.doInclude(PageContextImpl.java:785):785
	at coldbox.system.plugins.renderer_cfc$cf.udfCall1(/Users/lmajano/Sites/cboxdev/core/coldbox/system/plugins/Renderer.cfc:338):338
	at coldbox.system.plugins.renderer_cfc$cf.udfCall(/Users/lmajano/Sites/cboxdev/core/coldbox/system/plugins/Renderer.cfc):-1
	at railo.runtime.type.UDFImpl.implementation(UDFImpl.java:95):95
	at railo.runtime.type.UDFImpl._call(UDFImpl.java:308):308
	at railo.runtime.type.UDFImpl.call(UDFImpl.java:212):212
	at railo.runtime.type.scope.UndefinedImpl.call(UndefinedImpl.java:704):704
	at railo.runtime.util.VariableUtilImpl.callFunctionWithoutNamedValues(VariableUtilImpl.java:713):713
	at railo.runtime.PageContextImpl.getFunction(PageContextImpl.java:1471):1471
	at coldbox.system.plugins.renderer_cfc$cf.udfCall1_000001(/Users/lmajano/Sites/cboxdev/core/coldbox/system/plugins/Renderer.cfc:475):475
	at coldbox.system.plugins.renderer_cfc$cf.udfCall1(/Users/lmajano/Sites/cboxdev/core/coldbox/system/plugins/Renderer.cfc:429):429
	at coldbox.system.plugins.renderer_cfc$cf.udfCall(/Users/lmajano/Sites/cboxdev/core/coldbox/system/plugins/Renderer.cfc):-1
	at railo.runtime.type.UDFImpl.implementation(UDFImpl.java:95):95
	at railo.runtime.type.UDFImpl._call(UDFImpl.java:308):308
	at railo.runtime.type.UDFImpl.callWithNamedValues(UDFImpl.java:199):199
	at railo.runtime.ComponentImpl._call(ComponentImpl.java:589):589
	at railo.runtime.ComponentImpl._call(ComponentImpl.java:506):506
	at railo.runtime.ComponentImpl.callWithNamedValues(ComponentImpl.java:1749):1749
	at railo.runtime.util.VariableUtilImpl.callFunctionWithNamedValues(VariableUtilImpl.java:739):739
	at railo.runtime.PageContextImpl.getFunctionWithNamedValues(PageContextImpl.java:1481):1481
	at coldbox.system.coldbox_cfc$cf.udfCall1(/Users/lmajano/Sites/cboxdev/core/coldbox/system/Coldbox.cfc:256):256
	at coldbox.system.coldbox_cfc$cf.udfCall(/Users/lmajano/Sites/cboxdev/core/coldbox/system/Coldbox.cfc):-1
	at railo.runtime.type.UDFImpl.implementation(UDFImpl.java:95):95
	at railo.runtime.type.UDFImpl._call(UDFImpl.java:308):308
	at railo.runtime.type.UDFImpl.call(UDFImpl.java:212):212
	at railo.runtime.type.scope.UndefinedImpl.call(UndefinedImpl.java:704):704
	at railo.runtime.util.VariableUtilImpl.callFunctionWithoutNamedValues(VariableUtilImpl.java:713):713
	at railo.runtime.PageContextImpl.getFunction(PageContextImpl.java:1471):1471
	at coldbox.samples.applications.sampleloginapp.application_cfc$cf.udfCall(/Users/lmajano/Sites/cboxdev/samples/coldbox/samples/applications/sampleloginapp/Application.cfc:51):51
	at railo.runtime.type.UDFImpl.implementation(UDFImpl.java:95):95
	at railo.runtime.type.UDFImpl._call(UDFImpl.java:308):308
	at railo.runtime.type.UDFImpl.call(UDFImpl.java:212):212
	at railo.runtime.ComponentImpl._call(ComponentImpl.java:588):588
	at railo.runtime.ComponentImpl._call(ComponentImpl.java:506):506
	at railo.runtime.ComponentImpl.call(ComponentImpl.java:1732):1732
	at railo.runtime.listener.ModernAppListener.call(ModernAppListener.java:387):387
	at railo.runtime.listener.ModernAppListener._onRequest(ModernAppListener.java:113):113
	at railo.runtime.listener.MixedAppListener.onRequest(MixedAppListener.java:18):18
	at railo.runtime.PageContextImpl.execute(PageContextImpl.java:2135):2135
	at railo.runtime.PageContextImpl.execute(PageContextImpl.java:2102):2102
	at railo.runtime.engine.CFMLEngineImpl.serviceCFML(CFMLEngineImpl.java:332):332
	at railo.loader.servlet.CFMLServlet.service(CFMLServlet.java:29):29
	at javax.servlet.http.HttpServlet.service(HttpServlet.java:97):97
	at com.caucho.server.dispatch.ServletFilterChain.doFilter(ServletFilterChain.java:109):109
	at sun.reflect.GeneratedMethodAccessor140.invoke(Unknown Source):-1
	at sun.reflect.DelegatingMethodAccessorImpl.invoke(DelegatingMethodAccessorImpl.java:43):43
	at java.lang.reflect.Method.invoke(Method.java:606):606
	at com.intergral.fusionreactor.j2ee.filterchain.WrappedFilterChain.doFilter(WrappedFilterChain.java:96):96
	at com.intergral.fusionreactor.j2ee.filter.FusionReactorRequestHandler.doNext(FusionReactorRequestHandler.java:350):350
	at com.intergral.fusionreactor.j2ee.filter.FusionReactorRequestHandler.doHttpServletRequest(FusionReactorRequestHandler.java:224):224
	at com.intergral.fusionreactor.j2ee.filter.FusionReactorRequestHandler.doFusionRequest(FusionReactorRequestHandler.java:153):153
	at com.intergral.fusionreactor.j2ee.filter.FusionReactorRequestHandler.handle(FusionReactorRequestHandler.java:385):385
	at com.intergral.fusionreactor.j2ee.filter.FusionReactorCoreFilter.doFilter(FusionReactorCoreFilter.java:36):36
	at sun.reflect.GeneratedMethodAccessor139.invoke(Unknown Source):-1
	at sun.reflect.DelegatingMethodAccessorImpl.invoke(DelegatingMethodAccessorImpl.java:43):43
	at java.lang.reflect.Method.invoke(Method.java:606):606
	at com.intergral.fusionreactor.j2ee.filterchain.WrappedFilterChain.doFilter(WrappedFilterChain.java:78):78
	at sun.reflect.GeneratedMethodAccessor138.invoke(Unknown Source):-1
	at sun.reflect.DelegatingMethodAccessorImpl.invoke(DelegatingMethodAccessorImpl.java:43):43
	at java.lang.reflect.Method.invoke(Method.java:606):606
	at com.intergral.fusionreactor.agent.filter.FusionReactorStaticFilter.doFilter(FusionReactorStaticFilter.java:53):53
	at com.intergral.fusionreactor.agent.pointcuts.NewFilterChainPointCut$1.invoke(NewFilterChainPointCut.java:41):41
	at com.caucho.server.dispatch.ServletFilterChain.doFilter(ServletFilterChain.java):-1
	at com.caucho.server.webapp.WebAppFilterChain.doFilter(WebAppFilterChain.java:156):156
	at com.caucho.server.webapp.AccessLogFilterChain.doFilter(AccessLogFilterChain.java:95):95
	at com.caucho.server.dispatch.ServletInvocation.service(ServletInvocation.java:289):289
	at com.caucho.server.hmux.HmuxRequest.handleInvocation(HmuxRequest.java:472):472
	at com.caucho.server.hmux.HmuxRequest.handleRequestImpl(HmuxRequest.java:373):373
	at com.caucho.server.hmux.HmuxRequest.handleRequest(HmuxRequest.java:340):340
	at com.caucho.network.listen.TcpSocketLink.dispatchRequest(TcpSocketLink.java:1309):1309
	at com.caucho.network.listen.TcpSocketLink.handleRequest(TcpSocketLink.java:1265):1265
	at com.caucho.network.listen.TcpSocketLink.handleRequestsImpl(TcpSocketLink.java:1249):1249
	at com.caucho.network.listen.TcpSocketLink.handleRequests(TcpSocketLink.java:1157):1157
	at com.caucho.network.listen.TcpSocketLink.handleAcceptTaskImpl(TcpSocketLink.java:956):956
	at com.caucho.network.listen.ConnectionTask.runThread(ConnectionTask.java:117):117
	at com.caucho.network.listen.ConnectionTask.run(ConnectionTask.java:93):93
	at com.caucho.network.listen.SocketLinkThreadLauncher.handleTasks(SocketLinkThreadLauncher.java:169):169
	at com.caucho.network.listen.TcpSocketAcceptThread.run(TcpSocketAcceptThread.java:61):61
	at com.caucho.env.thread2.ResinThread2.runTasks(ResinThread2.java:173):173
	at com.caucho.env.thread2.ResinThread2.run(ResinThread2.java:118):118
  CFTagContext=ID: ??; LINE: 24; TEMPLATE: /Users/lmajano/Sites/cboxdev/samples/coldbox/samples/applications/sampleloginapp/views/general/Login.cfm   ID: ??; LINE: 338; TEMPLATE: /Users/lmajano/Sites/cboxdev/core/coldbox/system/plugins/Renderer.cfc   ID: ??; LINE: 183; TEMPLATE: /Users/lmajano/Sites/cboxdev/core/coldbox/system/plugins/Renderer.cfc   ID: ??; LINE: 60; TEMPLATE: /Users/lmajano/Sites/cboxdev/samples/coldbox/samples/applications/sampleloginapp/layouts/Layout.Main.cfm   ID: ??; LINE: 338; TEMPLATE: /Users/lmajano/Sites/cboxdev/core/coldbox/system/plugins/Renderer.cfc   ID: ??; LINE: 475; TEMPLATE: /Users/lmajano/Sites/cboxdev/core/coldbox/system/plugins/Renderer.cfc   ID: ??; LINE: 429; TEMPLATE: /Users/lmajano/Sites/cboxdev/core/coldbox/system/plugins/Renderer.cfc   ID: ??; LINE: 256; TEMPLATE: /Users/lmajano/Sites/cboxdev/core/coldbox/system/Coldbox.cfc   ID: ??; LINE: 51; TEMPLATE: /Users/lmajano/Sites/cboxdev/samples/coldbox/samples/applications/sampleloginapp/Application.cfc"
"ERROR","COLDBOXFILE","02/11/2014","10:16:28","Sample Login Application","Application Execution Exception  CFErrorType=expression  CFMessage=component [coldbox.system.plugins.MessageBox] has no  function with name [isEmpty]  CFStackTrace=component [coldbox.system.plugins.MessageBox] has no  function with name [isEmpty]
	at railo.runtime.type.util.ComponentUtil.notFunction(ComponentUtil.java:586):586
	at railo.runtime.ComponentImpl.onMissingMethod(ComponentImpl.java:549):549
	at railo.runtime.ComponentImpl._call(ComponentImpl.java:508):508
	at railo.runtime.ComponentImpl.call(ComponentImpl.java:1732):1732
	at railo.runtime.util.VariableUtilImpl.callFunctionWithoutNamedValues(VariableUtilImpl.java:713):713
	at railo.runtime.PageContextImpl.getFunction(PageContextImpl.java:1471):1471
	at coldbox.samples.applications.sampleloginapp.views.general.login_cfm$cf.call(/Users/lmajano/Sites/cboxdev/samples/coldbox/samples/applications/sampleloginapp/views/general/Login.cfm:24):24
	at railo.runtime.PageContextImpl.doInclude(PageContextImpl.java:809):809
	at railo.runtime.PageContextImpl.doInclude(PageContextImpl.java:785):785
	at coldbox.system.plugins.renderer_cfc$cf.udfCall1(/Users/lmajano/Sites/cboxdev/core/coldbox/system/plugins/Renderer.cfc:338):338
	at coldbox.system.plugins.renderer_cfc$cf.udfCall(/Users/lmajano/Sites/cboxdev/core/coldbox/system/plugins/Renderer.cfc):-1
	at railo.runtime.type.UDFImpl.implementation(UDFImpl.java:95):95
	at railo.runtime.type.UDFImpl._call(UDFImpl.java:308):308
	at railo.runtime.type.UDFImpl.call(UDFImpl.java:212):212
	at railo.runtime.type.scope.UndefinedImpl.call(UndefinedImpl.java:704):704
	at railo.runtime.util.VariableUtilImpl.callFunctionWithoutNamedValues(VariableUtilImpl.java:713):713
	at railo.runtime.PageContextImpl.getFunction(PageContextImpl.java:1471):1471
	at coldbox.system.plugins.renderer_cfc$cf.udfCall1(/Users/lmajano/Sites/cboxdev/core/coldbox/system/plugins/Renderer.cfc:183):183
	at coldbox.system.plugins.renderer_cfc$cf.udfCall(/Users/lmajano/Sites/cboxdev/core/coldbox/system/plugins/Renderer.cfc):-1
	at railo.runtime.type.UDFImpl.implementation(UDFImpl.java:95):95
	at railo.runtime.type.UDFImpl._call(UDFImpl.java:308):308
	at railo.runtime.type.UDFImpl.call(UDFImpl.java:212):212
	at railo.runtime.type.scope.UndefinedImpl.call(UndefinedImpl.java:704):704
	at railo.runtime.util.VariableUtilImpl.callFunctionWithoutNamedValues(VariableUtilImpl.java:713):713
	at railo.runtime.PageContextImpl.getFunction(PageContextImpl.java:1471):1471
	at coldbox.samples.applications.sampleloginapp.layouts.layout_main_cfm322$cf.call(/Users/lmajano/Sites/cboxdev/samples/coldbox/samples/applications/sampleloginapp/layouts/Layout.Main.cfm:60):60
	at railo.runtime.PageContextImpl.doInclude(PageContextImpl.java:809):809
	at railo.runtime.PageContextImpl.doInclude(PageContextImpl.java:785):785
	at coldbox.system.plugins.renderer_cfc$cf.udfCall1(/Users/lmajano/Sites/cboxdev/core/coldbox/system/plugins/Renderer.cfc:338):338
	at coldbox.system.plugins.renderer_cfc$cf.udfCall(/Users/lmajano/Sites/cboxdev/core/coldbox/system/plugins/Renderer.cfc):-1
	at railo.runtime.type.UDFImpl.implementation(UDFImpl.java:95):95
	at railo.runtime.type.UDFImpl._call(UDFImpl.java:308):308
	at railo.runtime.type.UDFImpl.call(UDFImpl.java:212):212
	at railo.runtime.type.scope.UndefinedImpl.call(UndefinedImpl.java:704):704
	at railo.runtime.util.VariableUtilImpl.callFunctionWithoutNamedValues(VariableUtilImpl.java:713):713
	at railo.runtime.PageContextImpl.getFunction(PageContextImpl.java:1471):1471
	at coldbox.system.plugins.renderer_cfc$cf.udfCall1_000001(/Users/lmajano/Sites/cboxdev/core/coldbox/system/plugins/Renderer.cfc:475):475
	at coldbox.system.plugins.renderer_cfc$cf.udfCall1(/Users/lmajano/Sites/cboxdev/core/coldbox/system/plugins/Renderer.cfc:429):429
	at coldbox.system.plugins.renderer_cfc$cf.udfCall(/Users/lmajano/Sites/cboxdev/core/coldbox/system/plugins/Renderer.cfc):-1
	at railo.runtime.type.UDFImpl.implementation(UDFImpl.java:95):95
	at railo.runtime.type.UDFImpl._call(UDFImpl.java:308):308
	at railo.runtime.type.UDFImpl.callWithNamedValues(UDFImpl.java:199):199
	at railo.runtime.ComponentImpl._call(ComponentImpl.java:589):589
	at railo.runtime.ComponentImpl._call(ComponentImpl.java:506):506
	at railo.runtime.ComponentImpl.callWithNamedValues(ComponentImpl.java:1749):1749
	at railo.runtime.util.VariableUtilImpl.callFunctionWithNamedValues(VariableUtilImpl.java:739):739
	at railo.runtime.PageContextImpl.getFunctionWithNamedValues(PageContextImpl.java:1481):1481
	at coldbox.system.coldbox_cfc$cf.udfCall1(/Users/lmajano/Sites/cboxdev/core/coldbox/system/Coldbox.cfc:256):256
	at coldbox.system.coldbox_cfc$cf.udfCall(/Users/lmajano/Sites/cboxdev/core/coldbox/system/Coldbox.cfc):-1
	at railo.runtime.type.UDFImpl.implementation(UDFImpl.java:95):95
	at railo.runtime.type.UDFImpl._call(UDFImpl.java:308):308
	at railo.runtime.type.UDFImpl.call(UDFImpl.java:212):212
	at railo.runtime.type.scope.UndefinedImpl.call(UndefinedImpl.java:704):704
	at railo.runtime.util.VariableUtilImpl.callFunctionWithoutNamedValues(VariableUtilImpl.java:713):713
	at railo.runtime.PageContextImpl.getFunction(PageContextImpl.java:1471):1471
	at coldbox.samples.applications.sampleloginapp.application_cfc$cf.udfCall(/Users/lmajano/Sites/cboxdev/samples/coldbox/samples/applications/sampleloginapp/Application.cfc:51):51
	at railo.runtime.type.UDFImpl.implementation(UDFImpl.java:95):95
	at railo.runtime.type.UDFImpl._call(UDFImpl.java:308):308
	at railo.runtime.type.UDFImpl.call(UDFImpl.java:212):212
	at railo.runtime.ComponentImpl._call(ComponentImpl.java:588):588
	at railo.runtime.ComponentImpl._call(ComponentImpl.java:506):506
	at railo.runtime.ComponentImpl.call(ComponentImpl.java:1732):1732
	at railo.runtime.listener.ModernAppListener.call(ModernAppListener.java:387):387
	at railo.runtime.listener.ModernAppListener._onRequest(ModernAppListener.java:113):113
	at railo.runtime.listener.MixedAppListener.onRequest(MixedAppListener.java:18):18
	at railo.runtime.PageContextImpl.execute(PageContextImpl.java:2135):2135
	at railo.runtime.PageContextImpl.execute(PageContextImpl.java:2102):2102
	at railo.runtime.engine.CFMLEngineImpl.serviceCFML(CFMLEngineImpl.java:332):332
	at railo.loader.servlet.CFMLServlet.service(CFMLServlet.java:29):29
	at javax.servlet.http.HttpServlet.service(HttpServlet.java:97):97
	at com.caucho.server.dispatch.ServletFilterChain.doFilter(ServletFilterChain.java:109):109
	at sun.reflect.GeneratedMethodAccessor140.invoke(Unknown Source):-1
	at sun.reflect.DelegatingMethodAccessorImpl.invoke(DelegatingMethodAccessorImpl.java:43):43
	at java.lang.reflect.Method.invoke(Method.java:606):606
	at com.intergral.fusionreactor.j2ee.filterchain.WrappedFilterChain.doFilter(WrappedFilterChain.java:96):96
	at com.intergral.fusionreactor.j2ee.filter.FusionReactorRequestHandler.doNext(FusionReactorRequestHandler.java:350):350
	at com.intergral.fusionreactor.j2ee.filter.FusionReactorRequestHandler.doHttpServletRequest(FusionReactorRequestHandler.java:224):224
	at com.intergral.fusionreactor.j2ee.filter.FusionReactorRequestHandler.doFusionRequest(FusionReactorRequestHandler.java:153):153
	at com.intergral.fusionreactor.j2ee.filter.FusionReactorRequestHandler.handle(FusionReactorRequestHandler.java:385):385
	at com.intergral.fusionreactor.j2ee.filter.FusionReactorCoreFilter.doFilter(FusionReactorCoreFilter.java:36):36
	at sun.reflect.GeneratedMethodAccessor139.invoke(Unknown Source):-1
	at sun.reflect.DelegatingMethodAccessorImpl.invoke(DelegatingMethodAccessorImpl.java:43):43
	at java.lang.reflect.Method.invoke(Method.java:606):606
	at com.intergral.fusionreactor.j2ee.filterchain.WrappedFilterChain.doFilter(WrappedFilterChain.java:78):78
	at sun.reflect.GeneratedMethodAccessor138.invoke(Unknown Source):-1
	at sun.reflect.DelegatingMethodAccessorImpl.invoke(DelegatingMethodAccessorImpl.java:43):43
	at java.lang.reflect.Method.invoke(Method.java:606):606
	at com.intergral.fusionreactor.agent.filter.FusionReactorStaticFilter.doFilter(FusionReactorStaticFilter.java:53):53
	at com.intergral.fusionreactor.agent.pointcuts.NewFilterChainPointCut$1.invoke(NewFilterChainPointCut.java:41):41
	at com.caucho.server.dispatch.ServletFilterChain.doFilter(ServletFilterChain.java):-1
	at com.caucho.server.webapp.WebAppFilterChain.doFilter(WebAppFilterChain.java:156):156
	at com.caucho.server.webapp.AccessLogFilterChain.doFilter(AccessLogFilterChain.java:95):95
	at com.caucho.server.dispatch.ServletInvocation.service(ServletInvocation.java:289):289
	at com.caucho.server.hmux.HmuxRequest.handleInvocation(HmuxRequest.java:472):472
	at com.caucho.server.hmux.HmuxRequest.handleRequestImpl(HmuxRequest.java:373):373
	at com.caucho.server.hmux.HmuxRequest.handleRequest(HmuxRequest.java:340):340
	at com.caucho.network.listen.TcpSocketLink.dispatchRequest(TcpSocketLink.java:1309):1309
	at com.caucho.network.listen.TcpSocketLink.handleRequest(TcpSocketLink.java:1265):1265
	at com.caucho.network.listen.TcpSocketLink.handleRequestsImpl(TcpSocketLink.java:1249):1249
	at com.caucho.network.listen.TcpSocketLink.handleRequests(TcpSocketLink.java:1157):1157
	at com.caucho.network.listen.TcpSocketLink.handleAcceptTaskImpl(TcpSocketLink.java:956):956
	at com.caucho.network.listen.ConnectionTask.runThread(ConnectionTask.java:117):117
	at com.caucho.network.listen.ConnectionTask.run(ConnectionTask.java:93):93
	at com.caucho.network.listen.SocketLinkThreadLauncher.handleTasks(SocketLinkThreadLauncher.java:169):169
	at com.caucho.network.listen.TcpSocketAcceptThread.run(TcpSocketAcceptThread.java:61):61
	at com.caucho.env.thread2.ResinThread2.runTasks(ResinThread2.java:173):173
	at com.caucho.env.thread2.ResinThread2.run(ResinThread2.java:118):118
  CFTagContext=ID: ??; LINE: 24; TEMPLATE: /Users/lmajano/Sites/cboxdev/samples/coldbox/samples/applications/sampleloginapp/views/general/Login.cfm   ID: ??; LINE: 338; TEMPLATE: /Users/lmajano/Sites/cboxdev/core/coldbox/system/plugins/Renderer.cfc   ID: ??; LINE: 183; TEMPLATE: /Users/lmajano/Sites/cboxdev/core/coldbox/system/plugins/Renderer.cfc   ID: ??; LINE: 60; TEMPLATE: /Users/lmajano/Sites/cboxdev/samples/coldbox/samples/applications/sampleloginapp/layouts/Layout.Main.cfm   ID: ??; LINE: 338; TEMPLATE: /Users/lmajano/Sites/cboxdev/core/coldbox/system/plugins/Renderer.cfc   ID: ??; LINE: 475; TEMPLATE: /Users/lmajano/Sites/cboxdev/core/coldbox/system/plugins/Renderer.cfc   ID: ??; LINE: 429; TEMPLATE: /Users/lmajano/Sites/cboxdev/core/coldbox/system/plugins/Renderer.cfc   ID: ??; LINE: 256; TEMPLATE: /Users/lmajano/Sites/cboxdev/core/coldbox/system/Coldbox.cfc   ID: ??; LINE: 51; TEMPLATE: /Users/lmajano/Sites/cboxdev/samples/coldbox/samples/applications/sampleloginapp/Application.cfc"
"INFO","COLDBOXFILE","12/26/2014","19:40:30","Sample Login Application","The user Administrator has now logged in."
"INFO","COLDBOXFILE","12/26/2014","20:18:18","coldbox.system.ioc.Injector","Shutdown of Injector: 14042566 requested and started."
"INFO","COLDBOXFILE","12/26/2014","20:18:18","coldbox.system.ioc.Injector","Shutdown of injector: 14042566 completed."
"ERROR","COLDBOXFILE","12/26/2014","20:18:18","coldbox.system.web.services.InterceptorService","Error creating interceptor: model.securityInterceptor.  invalid component definition, can't find component [model.securityInterceptor] invalid component definition, can't find component [model.securityInterceptor]  	at railo.runtime.component.ComponentLoader.load(ComponentLoader.java:296):296  	at railo.runtime.component.ComponentLoader.loadComponent(ComponentLoader.java:41):41  	at railo.runtime.PageContextImpl.loadComponent(PageContextImpl.java:2890):2890  	at railo.runtime.functions.other.CreateObject.doComponent(CreateObject.java:210):210  	at railo.runtime.functions.other.GetComponentMetaData.call(GetComponentMetaData.java:33):33  	at coldbox.system.core.util.util_cfc$cf.udfCall2(C:\Users\Billy\coldfusion-proj\coldbox\system\core\util\Util.cfc:305):305  	at coldbox.system.core.util.util_cfc$cf.udfCall(C:\Users\Billy\coldfusion-proj\coldbox\system\core\util\Util.cfc):-1  	at railo.runtime.type.UDFImpl.implementation(UDFImpl.java:93):93  	at railo.runtime.type.UDFImpl._call(UDFImpl.java:307):307  	at railo.runtime.type.UDFImpl.call(UDFImpl.java:208):208  	at railo.runtime.ComponentImpl._call(ComponentImpl.java:623):623  	at railo.runtime.ComponentImpl._call(ComponentImpl.java:506):506  	at railo.runtime.ComponentImpl.call(ComponentImpl.java:1738):1738  	at railo.runtime.util.VariableUtilImpl.callFunctionWithoutNamedValues(VariableUtilImpl.java:724):724  	at railo.runtime.PageContextImpl.getFunction(PageContextImpl.java:1547):1547  	at coldbox.system.ioc.config.mapping_cfc$cf.udfCall6(C:\Users\Billy\coldfusion-proj\coldbox\system\ioc\config\Mapping.cfc:579):579  	at coldbox.system.ioc.config.mapping_cfc$cf.udfCall(C:\Users\Billy\coldfusion-proj\coldbox\system\ioc\config\Mapping.cfc):-1  	at railo.runtime.type.UDFImpl.implementation(UDFImpl.java:93):93  	at railo.runtime.type.UDFImpl._call(UDFImpl.java:307):307  	at railo.runtime.type.UDFImpl.callWithNamedValues(UDFImpl.java:195):195  	at railo.runtime.ComponentImpl._call(ComponentImpl.java:624):624  	at railo.runtime.ComponentImpl._call(ComponentImpl.java:506):506  	at railo.runtime.ComponentImpl.callWithNamedValues(ComponentImpl.java:1755):1755  	at railo.runtime.util.VariableUtilImpl.callFunctionWithNamedValues(VariableUtilImpl.java:755):755  	at railo.runtime.PageContextImpl.getFunctionWithNamedValues(PageContextImpl.java:1557):1557  	at coldbox.system.ioc.injector_cfc$cf.udfCall1(C:\Users\Billy\coldfusion-proj\coldbox\system\ioc\Injector.cfc:249):249  	at coldbox.system.ioc.injector_cfc$cf.udfCall(C:\Users\Billy\coldfusion-proj\coldbox\system\ioc\Injector.cfc):-1  	at railo.runtime.type.UDFImpl.implementation(UDFImpl.java:93):93  	at railo.runtime.type.UDFImpl._call(UDFImpl.java:307):307  	at railo.runtime.type.UDFImpl.call(UDFImpl.java:208):208  	at railo.runtime.ComponentImpl._call(ComponentImpl.java:623):623  	at railo.runtime.ComponentImpl._call(ComponentImpl.java:506):506  	at railo.runtime.ComponentImpl.call(ComponentImpl.java:1738):1738  	at railo.runtime.util.VariableUtilImpl.callFunctionWithoutNamedValues(VariableUtilImpl.java:724):724  	at railo.runtime.PageContextImpl.getFunction(PageContextImpl.java:1547):1547  	at coldbox.system.web.services.interceptorservice_cfc$cf.udfCall1(C:\Users\Billy\coldfusion-proj\coldbox\system\web\services\InterceptorService.cfc:257):257  	at coldbox.system.web.services.interceptorservice_cfc$cf.udfCall(C:\Users\Billy\coldfusion-proj\coldbox\system\web\services\InterceptorService.cfc):-1  	at railo.runtime.type.UDFImpl.implementation(UDFImpl.java:93):93  	at railo.runtime.type.UDFImpl._call(UDFImpl.java:307):307  	at railo.runtime.type.UDFImpl.call(UDFImpl.java:208):208  	at railo.runtime.type.scope.UndefinedImpl.call(UndefinedImpl.java:748):748  	at railo.runtime.util.VariableUtilImpl.callFunctionWithoutNamedValues(VariableUtilImpl.java:724):724  	at railo.runtime.PageContextImpl.getFunction(PageContextImpl.java:1547):1547  	at coldbox.system.web.services.interceptorservice_cfc$cf.udfCall1(C:\Users\Billy\coldfusion-proj\coldbox\system\web\services\InterceptorService.cfc:198):198  	at coldbox.system.web.services.interceptorservice_cfc$cf.udfCall(C:\Users\Billy\coldfusion-proj\coldbox\system\web\services\InterceptorService.cfc):-1  	at railo.runtime.type.UDFImpl.implementation(UDFImpl.java:93):93  	at railo.runtime.type.UDFImpl._call(UDFImpl.java:307):307  	at railo.runtime.type.UDFImpl.callWithNamedValues(UDFImpl.java:195):195  	at railo.runtime.type.scope.UndefinedImpl.callWithNamedValues(UndefinedImpl.java:757):757  	at railo.runtime.util.VariableUtilImpl.callFunctionWithNamedValues(VariableUtilImpl.java:755):755  	at railo.runtime.PageContextImpl.getFunctionWithNamedValues(PageContextImpl.java:1557):1557  	at coldbox.system.web.services.interceptorservice_cfc$cf.udfCall1(C:\Users\Billy\coldfusion-proj\coldbox\system\web\services\InterceptorService.cfc:112):112  	at coldbox.system.web.services.interceptorservice_cfc$cf.udfCall(C:\Users\Billy\coldfusion-proj\coldbox\system\web\services\InterceptorService.cfc):-1  	at railo.runtime.type.UDFImpl.implementation(UDFImpl.java:93):93  	at railo.runtime.type.UDFImpl._call(UDFImpl.java:307):307  	at railo.runtime.type.UDFImpl.call(UDFImpl.java:208):208  	at railo.runtime.type.scope.UndefinedImpl.call(UndefinedImpl.java:748):748  	at railo.runtime.util.VariableUtilImpl.callFunctionWithoutNamedValues(VariableUtilImpl.java:724):724  	at railo.runtime.PageContextImpl.getFunction(PageContextImpl.java:1547):1547  	at coldbox.system.web.services.interceptorservice_cfc$cf.udfCall1(C:\Users\Billy\coldfusion-proj\coldbox\system\web\services\InterceptorService.cfc:80):80  	at coldbox.system.web.services.interceptorservice_cfc$cf.udfCall(C:\Users\Billy\coldfusion-proj\coldbox\system\web\services\InterceptorService.cfc):-1  	at railo.runtime.type.UDFImpl.implementation(UDFImpl.java:93):93  	at railo.runtime.type.UDFImpl._call(UDFImpl.java:307):307  	at railo.runtime.type.UDFImpl.call(UDFImpl.java:208):208  	at railo.runtime.ComponentImpl._call(ComponentImpl.java:623):623  	at railo.runtime.ComponentImpl._call(ComponentImpl.java:506):506  	at railo.runtime.ComponentImpl.call(ComponentImpl.java:1738):1738  	at railo.runtime.util.VariableUtilImpl.callFunctionWithoutNamedValues(VariableUtilImpl.java:724):724  	at railo.runtime.PageContextImpl.getFunction(PageContextImpl.java:1547):1547  	at coldbox.system.web.services.loaderservice_cfc$cf.udfCall(C:\Users\Billy\coldfusion-proj\coldbox\system\web\services\LoaderService.cfc:81):81  	at railo.runtime.type.UDFImpl.implementation(UDFImpl.java:93):93  	at railo.runtime.type.UDFImpl._call(UDFImpl.java:307):307  	at railo.runtime.type.UDFImpl.call(UDFImpl.java:208):208  	at railo.runtime.ComponentImpl._call(ComponentImpl.java:623):623  	at railo.runtime.ComponentImpl._call(ComponentImpl.java:506):506  	at railo.runtime.ComponentImpl.call(ComponentImpl.java:1738):1738  	at railo.runtime.util.VariableUtilImpl.callFunctionWithoutNamedValues(VariableUtilImpl.java:724):724  	at railo.runtime.PageContextImpl.getFunction(PageContextImpl.java:1547):1547  	at coldbox.system.coldbox_cfc$cf.udfCall1(C:\Users\Billy\coldfusion-proj\coldbox\system\Coldbox.cfc:71):71  	at coldbox.system.coldbox_cfc$cf.udfCall(C:\Users\Billy\coldfusion-proj\coldbox\system\Coldbox.cfc):-1  	at railo.runtime.type.UDFImpl.implementation(UDFImpl.java:93):93  	at railo.runtime.type.UDFImpl._call(UDFImpl.java:307):307  	at railo.runtime.type.UDFImpl.call(UDFImpl.java:208):208  	at railo.runtime.type.scope.UndefinedImpl.call(UndefinedImpl.java:748):748  	at railo.runtime.util.VariableUtilImpl.callFunctionWithoutNamedValues(VariableUtilImpl.java:724):724  	at railo.runtime.PageContextImpl.getFunction(PageContextImpl.java:1547):1547  	at coldbox.system.coldbox_cfc$cf.udfCall1(C:\Users\Billy\coldfusion-proj\coldbox\system\Coldbox.cfc:102):102  	at coldbox.system.coldbox_cfc$cf.udfCall(C:\Users\Billy\coldfusion-proj\coldbox\system\Coldbox.cfc):-1  	at railo.runtime.type.UDFImpl.implementation(UDFImpl.java:93):93  	at railo.runtime.type.UDFImpl._call(UDFImpl.java:307):307  	at railo.runtime.type.UDFImpl.call(UDFImpl.java:208):208  	at railo.runtime.type.scope.UndefinedImpl.call(UndefinedImpl.java:748):748  	at railo.runtime.util.VariableUtilImpl.callFunctionWithoutNamedValues(VariableUtilImpl.java:724):724  	at railo.runtime.PageContextImpl.getFunction(PageContextImpl.java:1547):1547  	at sampleloginapp.application_cfc$cf.udfCall(C:\Users\Billy\coldfusion-proj\sampleloginapp\Application.cfc:47):47  	at railo.runtime.type.UDFImpl.implementation(UDFImpl.java:93):93  	at railo.runtime.type.UDFImpl._call(UDFImpl.java:307):307  	at railo.runtime.type.UDFImpl.call(UDFImpl.java:208):208  	at railo.runtime.ComponentImpl._call(ComponentImpl.java:623):623  	at railo.runtime.ComponentImpl._call(ComponentImpl.java:506):506  	at railo.runtime.ComponentImpl.call(ComponentImpl.java:1738):1738  	at railo.runtime.listener.ModernAppListener.call(ModernAppListener.java:388):388  	at railo.runtime.listener.ModernAppListener._onRequest(ModernAppListener.java:114):114  	at railo.runtime.listener.MixedAppListener.onRequest(MixedAppListener.java:18):18  	at railo.runtime.PageContextImpl.execute(PageContextImpl.java:2212):2212  	at railo.runtime.PageContextImpl.execute(PageContextImpl.java:2179):2179  	at railo.runtime.engine.CFMLEngineImpl.serviceCFML(CFMLEngineImpl.java:331):331  	at railo.loader.servlet.CFMLServlet.service(CFMLServlet.java:29):29  	at javax.servlet.http.HttpServlet.service(HttpServlet.java:790):790  	at io.undertow.servlet.handlers.ServletHandler.handleRequest(ServletHandler.java:85):85  	at io.undertow.servlet.handlers.security.ServletSecurityRoleHandler.handleRequest(ServletSecurityRoleHandler.java:61):61  	at io.undertow.servlet.handlers.ServletDispatchingHandler.handleRequest(ServletDispatchingHandler.java:36):36  	at io.undertow.servlet.handlers.security.SSLInformationAssociationHandler.handleRequest(SSLInformationAssociationHandler.java:131):131  	at io.undertow.servlet.handlers.security.ServletAuthenticationCallHandler.handleRequest(ServletAuthenticationCallHandler.java:56):56  	at io.undertow.server.handlers.PredicateHandler.handleRequest(PredicateHandler.java:43):43  	at io.undertow.security.handlers.AbstractConfidentialityHandler.handleRequest(AbstractConfidentialityHandler.java:45):45  	at io.undertow.servlet.handlers.security.ServletConfidentialityConstraintHandler.handleRequest(ServletConfidentialityConstraintHandler.java:63):63  	at io.undertow.security.handlers.AuthenticationMechanismsHandler.handleRequest(AuthenticationMechanismsHandler.java:58):58  	at io.undertow.servlet.handlers.security.CachedAuthenticatedSessionHandler.handleRequest(CachedAuthenticatedSessionHandler.java:70):70  	at io.undertow.security.handlers.SecurityInitialHandler.handleRequest(SecurityInitialHandler.java:76):76  	at io.undertow.server.handlers.PredicateHandler.handleRequest(PredicateHandler.java:43):43  	at io.undertow.server.handlers.PredicateHandler.handleRequest(PredicateHandler.java:43):43  	at io.undertow.servlet.handlers.ServletInitialHandler.handleFirstRequest(ServletInitialHandler.java:261):261  	at io.undertow.servlet.handlers.ServletInitialHandler.dispatchRequest(ServletInitialHandler.java:247):247  	at io.undertow.servlet.handlers.ServletInitialHandler.access$000(ServletInitialHandler.java:76):76  	at io.undertow.servlet.handlers.ServletInitialHandler$1.handleRequest(ServletInitialHandler.java:166):166  	at io.undertow.server.Connectors.executeRootHandler(Connectors.java:197):197  	at io.undertow.server.HttpServerExchange$1.run(HttpServerExchange.java:759):759  	at java.util.concurrent.ThreadPoolExecutor.runWorker(Unknown Source):-1  	at java.util.concurrent.ThreadPoolExecutor$Worker.run(Unknown Source):-1  	at java.lang.Thread.run(Unknown Source):-1 ExtraInfo:[{"Raw_Trace":"coldbox.system.core.util.util_cfc$cf.udfCall2(C:\\Users\\Billy\\coldfusion-proj\\coldbox\\system\\core\\util\\Util.cfc:305)","codePrintPlain":"303: \t\t\t\t<cfset md = getMetaData(component)>\n304: \t\t\t<cfelse>\n305: \t\t\t\t<cfset md = getComponentMetaData(component)>\n306: \t\t\t</cfif>\n307: \t\t</cfif>\n","column":0,"line":305,"template":"C:\\Users\\Billy\\coldfusion-proj\\coldbox\\system\\core\\util\\Util.cfc","id":"??","type":"cfml","codePrintHTML":"303: \t\t\t\t&lt;cfset md = getMetaData(component)&gt;<br>\n304: \t\t\t&lt;cfelse&gt;<br>\n<b>305: \t\t\t\t&lt;cfset md = getComponentMetaData(component)&gt;</b><br>\n306: \t\t\t&lt;/cfif&gt;<br>\n307: \t\t&lt;/cfif&gt;<br>\n"},{"Raw_Trace":"coldbox.system.ioc.config.mapping_cfc$cf.udfCall6(C:\\Users\\Billy\\coldfusion-proj\\coldbox\\system\\ioc\\config\\Mapping.cfc:579)","codePrintPlain":"577: \t\t\t\t}\n578: \t\t\t\telse{\n579: \t\t\t\t\tmd = arguments.injector.getUtil().getInheritedMetaData(instance.path, arguments.binder.getStopRecursions());\n580: \t\t\t\t}\n581: \n","column":0,"line":579,"template":"C:\\Users\\Billy\\coldfusion-proj\\coldbox\\system\\ioc\\config\\Mapping.cfc","id":"??","type":"cfml","codePrintHTML":"577: \t\t\t\t}<br>\n578: \t\t\t\telse{<br>\n<b>579: \t\t\t\t\tmd = arguments.injector.getUtil().getInheritedMetaData(instance.path, arguments.binder.getStopRecursions());</b><br>\n580: \t\t\t\t}<br>\n581: <br>\n"},{"Raw_Trace":"coldbox.system.ioc.injector_cfc$cf.udfCall1(C:\\Users\\Billy\\coldfusion-proj\\coldbox\\system\\ioc\\Injector.cfc:249)","codePrintPlain":"247: \t\t\tif( NOT mapping.isDiscovered() ){\n248: \t\t\t\t// process inspection of instance\n249: \t\t\t\tmapping.process(binder=instance.binder,injector=this);\n250: \t\t\t}\n251: \n","column":0,"line":249,"template":"C:\\Users\\Billy\\coldfusion-proj\\coldbox\\system\\ioc\\Injector.cfc","id":"??","type":"cfml","codePrintHTML":"247: \t\t\tif( NOT mapping.isDiscovered() ){<br>\n248: \t\t\t\t// process inspection of instance<br>\n<b>249: \t\t\t\tmapping.process(binder=instance.binder,injector=this);</b><br>\n250: \t\t\t}<br>\n251: <br>\n"},{"Raw_Trace":"coldbox.system.web.services.interceptorservice_cfc$cf.udfCall1(C:\\Users\\Billy\\coldfusion-proj\\coldbox\\system\\web\\services\\InterceptorService.cfc:257)","codePrintPlain":"255: \t\t\t}\n256: \t\t\t// retrieve, build and wire from wirebox\n257: \t\t\toInterceptor = wirebox.getInstance( \"interceptor-\" & interceptorName );\n258: \t\t\t// check for virtual $super, if it does, pass new properties\n259: \t\t\tif( structKeyExists(oInterceptor, \"$super\") ){\n","column":0,"line":257,"template":"C:\\Users\\Billy\\coldfusion-proj\\coldbox\\system\\web\\services\\InterceptorService.cfc","id":"??","type":"cfml","codePrintHTML":"255: \t\t\t}<br>\n256: \t\t\t// retrieve, build and wire from wirebox<br>\n<b>257: \t\t\toInterceptor = wirebox.getInstance( &quot;interceptor-&quot; &amp; interceptorName );</b><br>\n258: \t\t\t// check for virtual $super, if it does, pass new properties<br>\n259: \t\t\tif( structKeyExists(oInterceptor, &quot;$super&quot;) ){<br>\n"},{"Raw_Trace":"coldbox.system.web.services.interceptorservice_cfc$cf.udfCall1(C:\\Users\\Billy\\coldfusion-proj\\coldbox\\system\\web\\services\\InterceptorService.cfc:198)","codePrintPlain":"196: \t\t\t\t\t// Create the Interceptor Class\n197: \t\t\t\t\ttry{\n198: \t\t\t\t\t\toInterceptor = createInterceptor( interceptorClass, objectName, interceptorProperties );\n199: \t\t\t\t\t}\n200: \t\t\t\t\tcatch(Any e){\n","column":0,"line":198,"template":"C:\\Users\\Billy\\coldfusion-proj\\coldbox\\system\\web\\services\\InterceptorService.cfc","id":"??","type":"cfml","codePrintHTML":"196: \t\t\t\t\t// Create the Interceptor Class<br>\n197: \t\t\t\t\ttry{<br>\n<b>198: \t\t\t\t\t\toInterceptor = createInterceptor( interceptorClass, objectName, interceptorProperties );</b><br>\n199: \t\t\t\t\t}<br>\n200: \t\t\t\t\tcatch(Any e){<br>\n"},{"Raw_Trace":"coldbox.system.web.services.interceptorservice_cfc$cf.udfCall1(C:\\Users\\Billy\\coldfusion-proj\\coldbox\\system\\web\\services\\InterceptorService.cfc:112)","codePrintPlain":"110: \t\t\t\tregisterInterceptor(interceptorClass=instance.interceptorConfig.interceptors[x].class,\n111: \t\t\t\t\t\t\t\t\tinterceptorProperties=instance.interceptorConfig.interceptors[x].properties,\n112: \t\t\t\t\t\t\t\t\tinterceptorName=instance.interceptorConfig.interceptors[x].name);\n113: \t\t\t}\n114: \n","column":0,"line":112,"template":"C:\\Users\\Billy\\coldfusion-proj\\coldbox\\system\\web\\services\\InterceptorService.cfc","id":"??","type":"cfml","codePrintHTML":"110: \t\t\t\tregisterInterceptor(interceptorClass=instance.interceptorConfig.interceptors[x].class,<br>\n111: \t\t\t\t\t\t\t\t\tinterceptorProperties=instance.interceptorConfig.interceptors[x].properties,<br>\n<b>112: \t\t\t\t\t\t\t\t\tinterceptorName=instance.interceptorConfig.interceptors[x].name);</b><br>\n113: \t\t\t}<br>\n114: <br>\n"},{"Raw_Trace":"coldbox.system.web.services.interceptorservice_cfc$cf.udfCall1(C:\\Users\\Billy\\coldfusion-proj\\coldbox\\system\\web\\services\\InterceptorService.cfc:80)","codePrintPlain":"78: \t\t<cfscript>\n79: \t\t\t// Register All Application Interceptors\n80: \t\t\tregisterInterceptors();\n81: \t\t\treturn this;\n82: \t\t</cfscript>\n","column":0,"line":80,"template":"C:\\Users\\Billy\\coldfusion-proj\\coldbox\\system\\web\\services\\InterceptorService.cfc","id":"??","type":"cfml","codePrintHTML":"78: \t\t&lt;cfscript&gt;<br>\n79: \t\t\t// Register All Application Interceptors<br>\n<b>80: \t\t\tregisterInterceptors();</b><br>\n81: \t\t\treturn this;<br>\n82: \t\t&lt;/cfscript&gt;<br>\n"},{"Raw_Trace":"coldbox.system.web.services.loaderservice_cfc$cf.udfCall(C:\\Users\\Billy\\coldfusion-proj\\coldbox\\system\\web\\services\\LoaderService.cfc:81)","codePrintPlain":"79: \t\t// Execute onConfigurationLoad for coldbox internal services()\n80: \t\tfor(key in services){\n81: \t\t\tservices[key].onConfigurationLoad();\n82: \t\t}\n83: \t\t// Flag the initiation, Framework is ready to serve requests. Praise be to GOD.\n","column":0,"line":81,"template":"C:\\Users\\Billy\\coldfusion-proj\\coldbox\\system\\web\\services\\LoaderService.cfc","id":"??","type":"cfml","codePrintHTML":"79: \t\t// Execute onConfigurationLoad for coldbox internal services()<br>\n80: \t\tfor(key in services){<br>\n<b>81: \t\t\tservices[key].onConfigurationLoad();</b><br>\n82: \t\t}<br>\n83: \t\t// Flag the initiation, Framework is ready to serve requests. Praise be to GOD.<br>\n"},{"Raw_Trace":"coldbox.system.coldbox_cfc$cf.udfCall1(C:\\Users\\Billy\\coldfusion-proj\\coldbox\\system\\Coldbox.cfc:71)","codePrintPlain":"69: \t\t\tapplication[ appKey ] = CreateObject(\"component\",\"coldbox.system.web.Controller\").init( COLDBOX_APP_ROOT_PATH, appKey );\n70: \t\t\t// Setup the Framework And Application\n71: \t\t\tapplication[ appKey ].getLoaderService().loadApplication( COLDBOX_CONFIG_FILE, COLDBOX_APP_MAPPING );\n72: \t\t\t// Application Start Handler\n73: \t\t\tif ( len( application[ appKey ].getSetting(\"ApplicationStartHandler\")) ){\n","column":0,"line":71,"template":"C:\\Users\\Billy\\coldfusion-proj\\coldbox\\system\\Coldbox.cfc","id":"??","type":"cfml","codePrintHTML":"69: \t\t\tapplication[ appKey ] = CreateObject(&quot;component&quot;,&quot;coldbox.system.web.Controller&quot;).init( COLDBOX_APP_ROOT_PATH, appKey );<br>\n70: \t\t\t// Setup the Framework And Application<br>\n<b>71: \t\t\tapplication[ appKey ].getLoaderService().loadApplication( COLDBOX_CONFIG_FILE, COLDBOX_APP_MAPPING );</b><br>\n72: \t\t\t// Application Start Handler<br>\n73: \t\t\tif ( len( application[ appKey ].getSetting(&quot;ApplicationStartHandler&quot;)) ){<br>\n"},{"Raw_Trace":"coldbox.system.coldbox_cfc$cf.udfCall1(C:\\Users\\Billy\\coldfusion-proj\\coldbox\\system\\Coldbox.cfc:102)","codePrintPlain":"100: \n101: \t\t\t\t\t<!--- Reload ColdBox --->\n102: \t\t\t\t\t<cfset loadColdBox()>\n103: \t\t\t\t\t<cfset structDelete(request,\"cb_requestContext\")>\n104: \t\t\t\t</cfif>\n","column":0,"line":102,"template":"C:\\Users\\Billy\\coldfusion-proj\\coldbox\\system\\Coldbox.cfc","id":"??","type":"cfml","codePrintHTML":"100: <br>\n101: \t\t\t\t\t&lt;!--- Reload ColdBox ---&gt;<br>\n<b>102: \t\t\t\t\t&lt;cfset loadColdBox()&gt;</b><br>\n103: \t\t\t\t\t&lt;cfset structDelete(request,&quot;cb_requestContext&quot;)&gt;<br>\n104: \t\t\t\t&lt;/cfif&gt;<br>\n"},{"Raw_Trace":"sampleloginapp.application_cfc$cf.udfCall(C:\\Users\\Billy\\coldfusion-proj\\sampleloginapp\\Application.cfc:47)","codePrintPlain":"45: \n46: \t\t<!--- Reload Checks --->\n47: \t\t<cfset reloadChecks()>\n48: \t\t\n49: \t\t<!--- Process A ColdBox Request Only --->\n","column":0,"line":47,"template":"C:\\Users\\Billy\\coldfusion-proj\\sampleloginapp\\Application.cfc","id":"??","type":"cfml","codePrintHTML":"45: <br>\n46: \t\t&lt;!--- Reload Checks ---&gt;<br>\n<b>47: \t\t&lt;cfset reloadChecks()&gt;</b><br>\n48: \t\t<br>\n49: \t\t&lt;!--- Process A ColdBox Request Only ---&gt;<br>\n"}]"
"ERROR","COLDBOXFILE","12/26/2014","20:18:49","coldbox.system.web.services.InterceptorService","Error creating interceptor: coldbox.model.securityInterceptor.  invalid component definition, can't find component [coldbox.model.securityInterceptor] invalid component definition, can't find component [coldbox.model.securityInterceptor]  	at railo.runtime.component.ComponentLoader.load(ComponentLoader.java:296):296  	at railo.runtime.component.ComponentLoader.loadComponent(ComponentLoader.java:41):41  	at railo.runtime.PageContextImpl.loadComponent(PageContextImpl.java:2890):2890  	at railo.runtime.functions.other.CreateObject.doComponent(CreateObject.java:210):210  	at railo.runtime.functions.other.GetComponentMetaData.call(GetComponentMetaData.java:33):33  	at coldbox.system.core.util.util_cfc$cf.udfCall2(C:\Users\Billy\coldfusion-proj\coldbox\system\core\util\Util.cfc:305):305  	at coldbox.system.core.util.util_cfc$cf.udfCall(C:\Users\Billy\coldfusion-proj\coldbox\system\core\util\Util.cfc):-1  	at railo.runtime.type.UDFImpl.implementation(UDFImpl.java:93):93  	at railo.runtime.type.UDFImpl._call(UDFImpl.java:307):307  	at railo.runtime.type.UDFImpl.call(UDFImpl.java:208):208  	at railo.runtime.ComponentImpl._call(ComponentImpl.java:623):623  	at railo.runtime.ComponentImpl._call(ComponentImpl.java:506):506  	at railo.runtime.ComponentImpl.call(ComponentImpl.java:1738):1738  	at railo.runtime.util.VariableUtilImpl.callFunctionWithoutNamedValues(VariableUtilImpl.java:724):724  	at railo.runtime.PageContextImpl.getFunction(PageContextImpl.java:1547):1547  	at coldbox.system.ioc.config.mapping_cfc$cf.udfCall6(C:\Users\Billy\coldfusion-proj\coldbox\system\ioc\config\Mapping.cfc:579):579  	at coldbox.system.ioc.config.mapping_cfc$cf.udfCall(C:\Users\Billy\coldfusion-proj\coldbox\system\ioc\config\Mapping.cfc):-1  	at railo.runtime.type.UDFImpl.implementation(UDFImpl.java:93):93  	at railo.runtime.type.UDFImpl._call(UDFImpl.java:307):307  	at railo.runtime.type.UDFImpl.callWithNamedValues(UDFImpl.java:195):195  	at railo.runtime.ComponentImpl._call(ComponentImpl.java:624):624  	at railo.runtime.ComponentImpl._call(ComponentImpl.java:506):506  	at railo.runtime.ComponentImpl.callWithNamedValues(ComponentImpl.java:1755):1755  	at railo.runtime.util.VariableUtilImpl.callFunctionWithNamedValues(VariableUtilImpl.java:755):755  	at railo.runtime.PageContextImpl.getFunctionWithNamedValues(PageContextImpl.java:1557):1557  	at coldbox.system.ioc.injector_cfc$cf.udfCall1(C:\Users\Billy\coldfusion-proj\coldbox\system\ioc\Injector.cfc:249):249  	at coldbox.system.ioc.injector_cfc$cf.udfCall(C:\Users\Billy\coldfusion-proj\coldbox\system\ioc\Injector.cfc):-1  	at railo.runtime.type.UDFImpl.implementation(UDFImpl.java:93):93  	at railo.runtime.type.UDFImpl._call(UDFImpl.java:307):307  	at railo.runtime.type.UDFImpl.call(UDFImpl.java:208):208  	at railo.runtime.ComponentImpl._call(ComponentImpl.java:623):623  	at railo.runtime.ComponentImpl._call(ComponentImpl.java:506):506  	at railo.runtime.ComponentImpl.call(ComponentImpl.java:1738):1738  	at railo.runtime.util.VariableUtilImpl.callFunctionWithoutNamedValues(VariableUtilImpl.java:724):724  	at railo.runtime.PageContextImpl.getFunction(PageContextImpl.java:1547):1547  	at coldbox.system.web.services.interceptorservice_cfc$cf.udfCall1(C:\Users\Billy\coldfusion-proj\coldbox\system\web\services\InterceptorService.cfc:257):257  	at coldbox.system.web.services.interceptorservice_cfc$cf.udfCall(C:\Users\Billy\coldfusion-proj\coldbox\system\web\services\InterceptorService.cfc):-1  	at railo.runtime.type.UDFImpl.implementation(UDFImpl.java:93):93  	at railo.runtime.type.UDFImpl._call(UDFImpl.java:307):307  	at railo.runtime.type.UDFImpl.call(UDFImpl.java:208):208  	at railo.runtime.type.scope.UndefinedImpl.call(UndefinedImpl.java:748):748  	at railo.runtime.util.VariableUtilImpl.callFunctionWithoutNamedValues(VariableUtilImpl.java:724):724  	at railo.runtime.PageContextImpl.getFunction(PageContextImpl.java:1547):1547  	at coldbox.system.web.services.interceptorservice_cfc$cf.udfCall1(C:\Users\Billy\coldfusion-proj\coldbox\system\web\services\InterceptorService.cfc:198):198  	at coldbox.system.web.services.interceptorservice_cfc$cf.udfCall(C:\Users\Billy\coldfusion-proj\coldbox\system\web\services\InterceptorService.cfc):-1  	at railo.runtime.type.UDFImpl.implementation(UDFImpl.java:93):93  	at railo.runtime.type.UDFImpl._call(UDFImpl.java:307):307  	at railo.runtime.type.UDFImpl.callWithNamedValues(UDFImpl.java:195):195  	at railo.runtime.type.scope.UndefinedImpl.callWithNamedValues(UndefinedImpl.java:757):757  	at railo.runtime.util.VariableUtilImpl.callFunctionWithNamedValues(VariableUtilImpl.java:755):755  	at railo.runtime.PageContextImpl.getFunctionWithNamedValues(PageContextImpl.java:1557):1557  	at coldbox.system.web.services.interceptorservice_cfc$cf.udfCall1(C:\Users\Billy\coldfusion-proj\coldbox\system\web\services\InterceptorService.cfc:112):112  	at coldbox.system.web.services.interceptorservice_cfc$cf.udfCall(C:\Users\Billy\coldfusion-proj\coldbox\system\web\services\InterceptorService.cfc):-1  	at railo.runtime.type.UDFImpl.implementation(UDFImpl.java:93):93  	at railo.runtime.type.UDFImpl._call(UDFImpl.java:307):307  	at railo.runtime.type.UDFImpl.call(UDFImpl.java:208):208  	at railo.runtime.type.scope.UndefinedImpl.call(UndefinedImpl.java:748):748  	at railo.runtime.util.VariableUtilImpl.callFunctionWithoutNamedValues(VariableUtilImpl.java:724):724  	at railo.runtime.PageContextImpl.getFunction(PageContextImpl.java:1547):1547  	at coldbox.system.web.services.interceptorservice_cfc$cf.udfCall1(C:\Users\Billy\coldfusion-proj\coldbox\system\web\services\InterceptorService.cfc:80):80  	at coldbox.system.web.services.interceptorservice_cfc$cf.udfCall(C:\Users\Billy\coldfusion-proj\coldbox\system\web\services\InterceptorService.cfc):-1  	at railo.runtime.type.UDFImpl.implementation(UDFImpl.java:93):93  	at railo.runtime.type.UDFImpl._call(UDFImpl.java:307):307  	at railo.runtime.type.UDFImpl.call(UDFImpl.java:208):208  	at railo.runtime.ComponentImpl._call(ComponentImpl.java:623):623  	at railo.runtime.ComponentImpl._call(ComponentImpl.java:506):506  	at railo.runtime.ComponentImpl.call(ComponentImpl.java:1738):1738  	at railo.runtime.util.VariableUtilImpl.callFunctionWithoutNamedValues(VariableUtilImpl.java:724):724  	at railo.runtime.PageContextImpl.getFunction(PageContextImpl.java:1547):1547  	at coldbox.system.web.services.loaderservice_cfc$cf.udfCall(C:\Users\Billy\coldfusion-proj\coldbox\system\web\services\LoaderService.cfc:81):81  	at railo.runtime.type.UDFImpl.implementation(UDFImpl.java:93):93  	at railo.runtime.type.UDFImpl._call(UDFImpl.java:307):307  	at railo.runtime.type.UDFImpl.call(UDFImpl.java:208):208  	at railo.runtime.ComponentImpl._call(ComponentImpl.java:623):623  	at railo.runtime.ComponentImpl._call(ComponentImpl.java:506):506  	at railo.runtime.ComponentImpl.call(ComponentImpl.java:1738):1738  	at railo.runtime.util.VariableUtilImpl.callFunctionWithoutNamedValues(VariableUtilImpl.java:724):724  	at railo.runtime.PageContextImpl.getFunction(PageContextImpl.java:1547):1547  	at coldbox.system.coldbox_cfc$cf.udfCall1(C:\Users\Billy\coldfusion-proj\coldbox\system\Coldbox.cfc:71):71  	at coldbox.system.coldbox_cfc$cf.udfCall(C:\Users\Billy\coldfusion-proj\coldbox\system\Coldbox.cfc):-1  	at railo.runtime.type.UDFImpl.implementation(UDFImpl.java:93):93  	at railo.runtime.type.UDFImpl._call(UDFImpl.java:307):307  	at railo.runtime.type.UDFImpl.call(UDFImpl.java:208):208  	at railo.runtime.type.scope.UndefinedImpl.call(UndefinedImpl.java:748):748  	at railo.runtime.util.VariableUtilImpl.callFunctionWithoutNamedValues(VariableUtilImpl.java:724):724  	at railo.runtime.PageContextImpl.getFunction(PageContextImpl.java:1547):1547  	at coldbox.system.coldbox_cfc$cf.udfCall1(C:\Users\Billy\coldfusion-proj\coldbox\system\Coldbox.cfc:102):102  	at coldbox.system.coldbox_cfc$cf.udfCall(C:\Users\Billy\coldfusion-proj\coldbox\system\Coldbox.cfc):-1  	at railo.runtime.type.UDFImpl.implementation(UDFImpl.java:93):93  	at railo.runtime.type.UDFImpl._call(UDFImpl.java:307):307  	at railo.runtime.type.UDFImpl.call(UDFImpl.java:208):208  	at railo.runtime.type.scope.UndefinedImpl.call(UndefinedImpl.java:748):748  	at railo.runtime.util.VariableUtilImpl.callFunctionWithoutNamedValues(VariableUtilImpl.java:724):724  	at railo.runtime.PageContextImpl.getFunction(PageContextImpl.java:1547):1547  	at sampleloginapp.application_cfc$cf.udfCall(C:\Users\Billy\coldfusion-proj\sampleloginapp\Application.cfc:47):47  	at railo.runtime.type.UDFImpl.implementation(UDFImpl.java:93):93  	at railo.runtime.type.UDFImpl._call(UDFImpl.java:307):307  	at railo.runtime.type.UDFImpl.call(UDFImpl.java:208):208  	at railo.runtime.ComponentImpl._call(ComponentImpl.java:623):623  	at railo.runtime.ComponentImpl._call(ComponentImpl.java:506):506  	at railo.runtime.ComponentImpl.call(ComponentImpl.java:1738):1738  	at railo.runtime.listener.ModernAppListener.call(ModernAppListener.java:388):388  	at railo.runtime.listener.ModernAppListener._onRequest(ModernAppListener.java:114):114  	at railo.runtime.listener.MixedAppListener.onRequest(MixedAppListener.java:18):18  	at railo.runtime.PageContextImpl.execute(PageContextImpl.java:2212):2212  	at railo.runtime.PageContextImpl.execute(PageContextImpl.java:2179):2179  	at railo.runtime.engine.CFMLEngineImpl.serviceCFML(CFMLEngineImpl.java:331):331  	at railo.loader.servlet.CFMLServlet.service(CFMLServlet.java:29):29  	at javax.servlet.http.HttpServlet.service(HttpServlet.java:790):790  	at io.undertow.servlet.handlers.ServletHandler.handleRequest(ServletHandler.java:85):85  	at io.undertow.servlet.handlers.security.ServletSecurityRoleHandler.handleRequest(ServletSecurityRoleHandler.java:61):61  	at io.undertow.servlet.handlers.ServletDispatchingHandler.handleRequest(ServletDispatchingHandler.java:36):36  	at io.undertow.servlet.handlers.security.SSLInformationAssociationHandler.handleRequest(SSLInformationAssociationHandler.java:131):131  	at io.undertow.servlet.handlers.security.ServletAuthenticationCallHandler.handleRequest(ServletAuthenticationCallHandler.java:56):56  	at io.undertow.server.handlers.PredicateHandler.handleRequest(PredicateHandler.java:43):43  	at io.undertow.security.handlers.AbstractConfidentialityHandler.handleRequest(AbstractConfidentialityHandler.java:45):45  	at io.undertow.servlet.handlers.security.ServletConfidentialityConstraintHandler.handleRequest(ServletConfidentialityConstraintHandler.java:63):63  	at io.undertow.security.handlers.AuthenticationMechanismsHandler.handleRequest(AuthenticationMechanismsHandler.java:58):58  	at io.undertow.servlet.handlers.security.CachedAuthenticatedSessionHandler.handleRequest(CachedAuthenticatedSessionHandler.java:70):70  	at io.undertow.security.handlers.SecurityInitialHandler.handleRequest(SecurityInitialHandler.java:76):76  	at io.undertow.server.handlers.PredicateHandler.handleRequest(PredicateHandler.java:43):43  	at io.undertow.server.handlers.PredicateHandler.handleRequest(PredicateHandler.java:43):43  	at io.undertow.servlet.handlers.ServletInitialHandler.handleFirstRequest(ServletInitialHandler.java:261):261  	at io.undertow.servlet.handlers.ServletInitialHandler.dispatchRequest(ServletInitialHandler.java:247):247  	at io.undertow.servlet.handlers.ServletInitialHandler.access$000(ServletInitialHandler.java:76):76  	at io.undertow.servlet.handlers.ServletInitialHandler$1.handleRequest(ServletInitialHandler.java:166):166  	at io.undertow.server.Connectors.executeRootHandler(Connectors.java:197):197  	at io.undertow.server.HttpServerExchange$1.run(HttpServerExchange.java:759):759  	at java.util.concurrent.ThreadPoolExecutor.runWorker(Unknown Source):-1  	at java.util.concurrent.ThreadPoolExecutor$Worker.run(Unknown Source):-1  	at java.lang.Thread.run(Unknown Source):-1 ExtraInfo:[{"Raw_Trace":"coldbox.system.core.util.util_cfc$cf.udfCall2(C:\\Users\\Billy\\coldfusion-proj\\coldbox\\system\\core\\util\\Util.cfc:305)","codePrintPlain":"303: \t\t\t\t<cfset md = getMetaData(component)>\n304: \t\t\t<cfelse>\n305: \t\t\t\t<cfset md = getComponentMetaData(component)>\n306: \t\t\t</cfif>\n307: \t\t</cfif>\n","column":0,"line":305,"template":"C:\\Users\\Billy\\coldfusion-proj\\coldbox\\system\\core\\util\\Util.cfc","id":"??","type":"cfml","codePrintHTML":"303: \t\t\t\t&lt;cfset md = getMetaData(component)&gt;<br>\n304: \t\t\t&lt;cfelse&gt;<br>\n<b>305: \t\t\t\t&lt;cfset md = getComponentMetaData(component)&gt;</b><br>\n306: \t\t\t&lt;/cfif&gt;<br>\n307: \t\t&lt;/cfif&gt;<br>\n"},{"Raw_Trace":"coldbox.system.ioc.config.mapping_cfc$cf.udfCall6(C:\\Users\\Billy\\coldfusion-proj\\coldbox\\system\\ioc\\config\\Mapping.cfc:579)","codePrintPlain":"577: \t\t\t\t}\n578: \t\t\t\telse{\n579: \t\t\t\t\tmd = arguments.injector.getUtil().getInheritedMetaData(instance.path, arguments.binder.getStopRecursions());\n580: \t\t\t\t}\n581: \n","column":0,"line":579,"template":"C:\\Users\\Billy\\coldfusion-proj\\coldbox\\system\\ioc\\config\\Mapping.cfc","id":"??","type":"cfml","codePrintHTML":"577: \t\t\t\t}<br>\n578: \t\t\t\telse{<br>\n<b>579: \t\t\t\t\tmd = arguments.injector.getUtil().getInheritedMetaData(instance.path, arguments.binder.getStopRecursions());</b><br>\n580: \t\t\t\t}<br>\n581: <br>\n"},{"Raw_Trace":"coldbox.system.ioc.injector_cfc$cf.udfCall1(C:\\Users\\Billy\\coldfusion-proj\\coldbox\\system\\ioc\\Injector.cfc:249)","codePrintPlain":"247: \t\t\tif( NOT mapping.isDiscovered() ){\n248: \t\t\t\t// process inspection of instance\n249: \t\t\t\tmapping.process(binder=instance.binder,injector=this);\n250: \t\t\t}\n251: \n","column":0,"line":249,"template":"C:\\Users\\Billy\\coldfusion-proj\\coldbox\\system\\ioc\\Injector.cfc","id":"??","type":"cfml","codePrintHTML":"247: \t\t\tif( NOT mapping.isDiscovered() ){<br>\n248: \t\t\t\t// process inspection of instance<br>\n<b>249: \t\t\t\tmapping.process(binder=instance.binder,injector=this);</b><br>\n250: \t\t\t}<br>\n251: <br>\n"},{"Raw_Trace":"coldbox.system.web.services.interceptorservice_cfc$cf.udfCall1(C:\\Users\\Billy\\coldfusion-proj\\coldbox\\system\\web\\services\\InterceptorService.cfc:257)","codePrintPlain":"255: \t\t\t}\n256: \t\t\t// retrieve, build and wire from wirebox\n257: \t\t\toInterceptor = wirebox.getInstance( \"interceptor-\" & interceptorName );\n258: \t\t\t// check for virtual $super, if it does, pass new properties\n259: \t\t\tif( structKeyExists(oInterceptor, \"$super\") ){\n","column":0,"line":257,"template":"C:\\Users\\Billy\\coldfusion-proj\\coldbox\\system\\web\\services\\InterceptorService.cfc","id":"??","type":"cfml","codePrintHTML":"255: \t\t\t}<br>\n256: \t\t\t// retrieve, build and wire from wirebox<br>\n<b>257: \t\t\toInterceptor = wirebox.getInstance( &quot;interceptor-&quot; &amp; interceptorName );</b><br>\n258: \t\t\t// check for virtual $super, if it does, pass new properties<br>\n259: \t\t\tif( structKeyExists(oInterceptor, &quot;$super&quot;) ){<br>\n"},{"Raw_Trace":"coldbox.system.web.services.interceptorservice_cfc$cf.udfCall1(C:\\Users\\Billy\\coldfusion-proj\\coldbox\\system\\web\\services\\InterceptorService.cfc:198)","codePrintPlain":"196: \t\t\t\t\t// Create the Interceptor Class\n197: \t\t\t\t\ttry{\n198: \t\t\t\t\t\toInterceptor = createInterceptor( interceptorClass, objectName, interceptorProperties );\n199: \t\t\t\t\t}\n200: \t\t\t\t\tcatch(Any e){\n","column":0,"line":198,"template":"C:\\Users\\Billy\\coldfusion-proj\\coldbox\\system\\web\\services\\InterceptorService.cfc","id":"??","type":"cfml","codePrintHTML":"196: \t\t\t\t\t// Create the Interceptor Class<br>\n197: \t\t\t\t\ttry{<br>\n<b>198: \t\t\t\t\t\toInterceptor = createInterceptor( interceptorClass, objectName, interceptorProperties );</b><br>\n199: \t\t\t\t\t}<br>\n200: \t\t\t\t\tcatch(Any e){<br>\n"},{"Raw_Trace":"coldbox.system.web.services.interceptorservice_cfc$cf.udfCall1(C:\\Users\\Billy\\coldfusion-proj\\coldbox\\system\\web\\services\\InterceptorService.cfc:112)","codePrintPlain":"110: \t\t\t\tregisterInterceptor(interceptorClass=instance.interceptorConfig.interceptors[x].class,\n111: \t\t\t\t\t\t\t\t\tinterceptorProperties=instance.interceptorConfig.interceptors[x].properties,\n112: \t\t\t\t\t\t\t\t\tinterceptorName=instance.interceptorConfig.interceptors[x].name);\n113: \t\t\t}\n114: \n","column":0,"line":112,"template":"C:\\Users\\Billy\\coldfusion-proj\\coldbox\\system\\web\\services\\InterceptorService.cfc","id":"??","type":"cfml","codePrintHTML":"110: \t\t\t\tregisterInterceptor(interceptorClass=instance.interceptorConfig.interceptors[x].class,<br>\n111: \t\t\t\t\t\t\t\t\tinterceptorProperties=instance.interceptorConfig.interceptors[x].properties,<br>\n<b>112: \t\t\t\t\t\t\t\t\tinterceptorName=instance.interceptorConfig.interceptors[x].name);</b><br>\n113: \t\t\t}<br>\n114: <br>\n"},{"Raw_Trace":"coldbox.system.web.services.interceptorservice_cfc$cf.udfCall1(C:\\Users\\Billy\\coldfusion-proj\\coldbox\\system\\web\\services\\InterceptorService.cfc:80)","codePrintPlain":"78: \t\t<cfscript>\n79: \t\t\t// Register All Application Interceptors\n80: \t\t\tregisterInterceptors();\n81: \t\t\treturn this;\n82: \t\t</cfscript>\n","column":0,"line":80,"template":"C:\\Users\\Billy\\coldfusion-proj\\coldbox\\system\\web\\services\\InterceptorService.cfc","id":"??","type":"cfml","codePrintHTML":"78: \t\t&lt;cfscript&gt;<br>\n79: \t\t\t// Register All Application Interceptors<br>\n<b>80: \t\t\tregisterInterceptors();</b><br>\n81: \t\t\treturn this;<br>\n82: \t\t&lt;/cfscript&gt;<br>\n"},{"Raw_Trace":"coldbox.system.web.services.loaderservice_cfc$cf.udfCall(C:\\Users\\Billy\\coldfusion-proj\\coldbox\\system\\web\\services\\LoaderService.cfc:81)","codePrintPlain":"79: \t\t// Execute onConfigurationLoad for coldbox internal services()\n80: \t\tfor(key in services){\n81: \t\t\tservices[key].onConfigurationLoad();\n82: \t\t}\n83: \t\t// Flag the initiation, Framework is ready to serve requests. Praise be to GOD.\n","column":0,"line":81,"template":"C:\\Users\\Billy\\coldfusion-proj\\coldbox\\system\\web\\services\\LoaderService.cfc","id":"??","type":"cfml","codePrintHTML":"79: \t\t// Execute onConfigurationLoad for coldbox internal services()<br>\n80: \t\tfor(key in services){<br>\n<b>81: \t\t\tservices[key].onConfigurationLoad();</b><br>\n82: \t\t}<br>\n83: \t\t// Flag the initiation, Framework is ready to serve requests. Praise be to GOD.<br>\n"},{"Raw_Trace":"coldbox.system.coldbox_cfc$cf.udfCall1(C:\\Users\\Billy\\coldfusion-proj\\coldbox\\system\\Coldbox.cfc:71)","codePrintPlain":"69: \t\t\tapplication[ appKey ] = CreateObject(\"component\",\"coldbox.system.web.Controller\").init( COLDBOX_APP_ROOT_PATH, appKey );\n70: \t\t\t// Setup the Framework And Application\n71: \t\t\tapplication[ appKey ].getLoaderService().loadApplication( COLDBOX_CONFIG_FILE, COLDBOX_APP_MAPPING );\n72: \t\t\t// Application Start Handler\n73: \t\t\tif ( len( application[ appKey ].getSetting(\"ApplicationStartHandler\")) ){\n","column":0,"line":71,"template":"C:\\Users\\Billy\\coldfusion-proj\\coldbox\\system\\Coldbox.cfc","id":"??","type":"cfml","codePrintHTML":"69: \t\t\tapplication[ appKey ] = CreateObject(&quot;component&quot;,&quot;coldbox.system.web.Controller&quot;).init( COLDBOX_APP_ROOT_PATH, appKey );<br>\n70: \t\t\t// Setup the Framework And Application<br>\n<b>71: \t\t\tapplication[ appKey ].getLoaderService().loadApplication( COLDBOX_CONFIG_FILE, COLDBOX_APP_MAPPING );</b><br>\n72: \t\t\t// Application Start Handler<br>\n73: \t\t\tif ( len( application[ appKey ].getSetting(&quot;ApplicationStartHandler&quot;)) ){<br>\n"},{"Raw_Trace":"coldbox.system.coldbox_cfc$cf.udfCall1(C:\\Users\\Billy\\coldfusion-proj\\coldbox\\system\\Coldbox.cfc:102)","codePrintPlain":"100: \n101: \t\t\t\t\t<!--- Reload ColdBox --->\n102: \t\t\t\t\t<cfset loadColdBox()>\n103: \t\t\t\t\t<cfset structDelete(request,\"cb_requestContext\")>\n104: \t\t\t\t</cfif>\n","column":0,"line":102,"template":"C:\\Users\\Billy\\coldfusion-proj\\coldbox\\system\\Coldbox.cfc","id":"??","type":"cfml","codePrintHTML":"100: <br>\n101: \t\t\t\t\t&lt;!--- Reload ColdBox ---&gt;<br>\n<b>102: \t\t\t\t\t&lt;cfset loadColdBox()&gt;</b><br>\n103: \t\t\t\t\t&lt;cfset structDelete(request,&quot;cb_requestContext&quot;)&gt;<br>\n104: \t\t\t\t&lt;/cfif&gt;<br>\n"},{"Raw_Trace":"sampleloginapp.application_cfc$cf.udfCall(C:\\Users\\Billy\\coldfusion-proj\\sampleloginapp\\Application.cfc:47)","codePrintPlain":"45: \n46: \t\t<!--- Reload Checks --->\n47: \t\t<cfset reloadChecks()>\n48: \t\t\n49: \t\t<!--- Process A ColdBox Request Only --->\n","column":0,"line":47,"template":"C:\\Users\\Billy\\coldfusion-proj\\sampleloginapp\\Application.cfc","id":"??","type":"cfml","codePrintHTML":"45: <br>\n46: \t\t&lt;!--- Reload Checks ---&gt;<br>\n<b>47: \t\t&lt;cfset reloadChecks()&gt;</b><br>\n48: \t\t<br>\n49: \t\t&lt;!--- Process A ColdBox Request Only ---&gt;<br>\n"}]"
"INFO","COLDBOXFILE","12/26/2014","21:28:39","coldbox.system.ioc.Injector","Shutdown of Injector: 24997305 requested and started."
"INFO","COLDBOXFILE","12/26/2014","21:28:39","coldbox.system.ioc.Injector","Shutdown of injector: 24997305 completed."
"INFO","COLDBOXFILE","12/26/2014","21:40:33","coldbox.system.ioc.Injector","Shutdown of Injector: 30493131 requested and started."
"INFO","COLDBOXFILE","12/26/2014","21:40:33","coldbox.system.ioc.Injector","Shutdown of injector: 30493131 completed."
"INFO","COLDBOXFILE","12/26/2014","21:41:12","coldbox.system.ioc.Injector","Shutdown of Injector: 17225733 requested and started."
"INFO","COLDBOXFILE","12/26/2014","21:41:12","coldbox.system.ioc.Injector","Shutdown of injector: 17225733 completed."
"INFO","COLDBOXFILE","12/26/2014","21:41:37","coldbox.system.ioc.Injector","Shutdown of Injector: 26155949 requested and started."
"INFO","COLDBOXFILE","12/26/2014","21:41:37","coldbox.system.ioc.Injector","Shutdown of injector: 26155949 completed."
"INFO","COLDBOXFILE","12/26/2014","21:42:04","coldbox.system.ioc.Injector","Shutdown of Injector: 14021233 requested and started."
"INFO","COLDBOXFILE","12/26/2014","21:42:04","coldbox.system.ioc.Injector","Shutdown of injector: 14021233 completed."
"INFO","COLDBOXFILE","12/26/2014","21:42:05","coldbox.system.ioc.Injector","Shutdown of Injector: 9538438 requested and started."
"INFO","COLDBOXFILE","12/26/2014","21:42:05","coldbox.system.ioc.Injector","Shutdown of injector: 9538438 completed."
"INFO","COLDBOXFILE","12/26/2014","21:42:06","coldbox.system.ioc.Injector","Shutdown of injector: 29034937 completed."
"INFO","COLDBOXFILE","12/26/2014","21:42:06","coldbox.system.ioc.Injector","Shutdown of Injector: 29034937 requested and started."
"INFO","COLDBOXFILE","12/26/2014","21:42:08","coldbox.system.ioc.Injector","Shutdown of injector: 7867687 completed."
"INFO","COLDBOXFILE","12/26/2014","21:42:08","coldbox.system.ioc.Injector","Shutdown of Injector: 7867687 requested and started."
"INFO","COLDBOXFILE","12/26/2014","21:42:11","coldbox.system.ioc.Injector","Shutdown of injector: 11859112 completed."
"INFO","COLDBOXFILE","12/26/2014","21:42:11","coldbox.system.ioc.Injector","Shutdown of Injector: 11859112 requested and started."
"INFO","COLDBOXFILE","12/26/2014","21:42:29","coldbox.system.ioc.Injector","Shutdown of Injector: 12097811 requested and started."
"INFO","COLDBOXFILE","12/26/2014","21:42:29","coldbox.system.ioc.Injector","Shutdown of injector: 12097811 completed."
"INFO","COLDBOXFILE","12/26/2014","21:43:26","coldbox.system.ioc.Injector","Shutdown of Injector: 28743374 requested and started."
"INFO","COLDBOXFILE","12/26/2014","21:43:26","coldbox.system.ioc.Injector","Shutdown of injector: 28743374 completed."
